{"/Users/h-20-38/ci-template-clearfunc/src/js/basic.js": {"path":"/Users/h-20-38/ci-template-clearfunc/src/js/basic.js","statementMap":{"0":{"start":{"line":2,"column":17},"end":{"line":2,"column":19}},"1":{"start":{"line":3,"column":2},"end":{"line":5,"column":29}},"2":{"start":{"line":3,"column":27},"end":{"line":3,"column":48}},"3":{"start":{"line":4,"column":7},"end":{"line":5,"column":29}},"4":{"start":{"line":4,"column":32},"end":{"line":4,"column":53}},"5":{"start":{"line":5,"column":7},"end":{"line":5,"column":29}},"6":{"start":{"line":6,"column":2},"end":{"line":6,"column":18}}},"fnMap":{"0":{"name":"getHPstatus","decl":{"start":{"line":1,"column":24},"end":{"line":1,"column":35}},"loc":{"start":{"line":1,"column":44},"end":{"line":7,"column":1}},"line":1}},"branchMap":{"0":{"loc":{"start":{"line":3,"column":2},"end":{"line":5,"column":29}},"type":"if","locations":[{"start":{"line":3,"column":2},"end":{"line":5,"column":29}},{"start":{"line":4,"column":7},"end":{"line":5,"column":29}}],"line":3},"1":{"loc":{"start":{"line":4,"column":7},"end":{"line":5,"column":29}},"type":"if","locations":[{"start":{"line":4,"column":7},"end":{"line":5,"column":29}},{"start":{"line":5,"column":7},"end":{"line":5,"column":29}}],"line":4}},"s":{"0":3,"1":3,"2":1,"3":2,"4":1,"5":1,"6":3},"f":{"0":3},"b":{"0":[1,2],"1":[1,1]},"_coverageSchema":"1a1c01bbd47fc00a2c39e90264f33305004495a9","hash":"21cebc4e4c176f3ccf77238211b0d53c906f26d8"}
}
